<?xml version="1.0" encoding="UTF-8"?>
<testsuite xmlns:xsi="http://www.w3.org/2001/XMLSchema-instance" xsi:noNamespaceSchemaLocation="https://maven.apache.org/surefire/maven-surefire-plugin/xsd/surefire-test-report.xsd" name="game.data.chunk.ChunkTest" time="23.392" tests="27" errors="0" skipped="0" failures="0">
  <properties>
[...]
</properties>
  <testcase name="floatTest" classname="game.data.chunk.ChunkTest" time="0.035"/>
  <testcase name="byteArray" classname="game.data.chunk.ChunkTest" time="0.001"/>
  <testcase name="longTest" classname="game.data.chunk.ChunkTest" time="0.001"/>
  <testcase name="shortTest" classname="game.data.chunk.ChunkTest" time="0.001"/>
  <testcase name="nbtCompoundTest" classname="game.data.chunk.ChunkTest" time="0.001"/>
  <testcase name="shortNegativeTest" classname="game.data.chunk.ChunkTest" time="0"/>
  <testcase name="stringTest" classname="game.data.chunk.ChunkTest" time="0.002"/>
  <testcase name="varIntNegative" classname="game.data.chunk.ChunkTest" time="0.001"/>
  <testcase name="varIntBig" classname="game.data.chunk.ChunkTest" time="0"/>
  <testcase name="varInt" classname="game.data.chunk.ChunkTest" time="0"/>
  <testcase name="nbtListTest" classname="game.data.chunk.ChunkTest" time="0.001"/>
  <testcase name="parseCoordinatesOther" classname="game.data.chunk.ChunkTest" time="0.001"/>
  <testcase name="parseBit" classname="game.data.chunk.ChunkTest" time="0"/>
  <testcase name="parseCoordinates" classname="game.data.chunk.ChunkTest" time="0.001"/>
  <testcase name="uuidTest" classname="game.data.chunk.ChunkTest" time="0"/>
  <testcase name="intTest" classname="game.data.chunk.ChunkTest" time="0.001"/>
  <testcase name="boolTrue" classname="game.data.chunk.ChunkTest" time="0"/>
  <testcase name="boolFalse" classname="game.data.chunk.ChunkTest" time="0.002"/>
  <testcase name="chunk_1_12" classname="game.data.chunk.ChunkTest" time="2.301"/>
  <testcase name="chunk_1_13" classname="game.data.chunk.ChunkTest" time="1.406"/>
  <testcase name="chunk_1_14" classname="game.data.chunk.ChunkTest" time="1.361"/>
  <testcase name="chunk_1_15" classname="game.data.chunk.ChunkTest" time="0.897"/>
  <testcase name="chunk_1_16" classname="game.data.chunk.ChunkTest" time="1.14"/>
  <testcase name="chunk_1_17" classname="game.data.chunk.ChunkTest" time="1.145"/>
  <testcase name="chunk_1_19" classname="game.data.chunk.ChunkTest" time="5.856"/>
  <testcase name="chunk_1_21" classname="game.data.chunk.ChunkTest" time="5.893"/>
  <testcase name="chunk_1_16_light" classname="game.data.chunk.ChunkTest" time="3.336"/>
</testsuite>